<?xml version="1.0" encoding="UTF-8"?>
<!-- Generated by org.testng.reporters.JUnitReportReporter -->
<testsuite hostname="DESKTOP-P4AG24Q" name="mavenproject.mavenjava.restapiTest" tests="2" failures="0" timestamp="4 May 2021 23:21:36 GMT" time="0.001" errors="0">
  <testcase name="restAutomation" time="0.000" classname="mavenproject.mavenjava.restapiTest"/>
  <testcase name="restAutomation2" time="0.001" classname="mavenproject.mavenjava.restapiTest"/>
</testsuite>
