<?xml version="1.0" encoding="UTF-8"?>
<!-- Generated by org.testng.reporters.JUnitReportReporter -->
<testsuite hostname="DESKTOP-P4AG24Q" name="mavenproject.mavenjava.seleniumTest" tests="2" failures="0" timestamp="4 May 2021 23:21:36 GMT" time="0.002" errors="0">
  <testcase name="webAutomation" time="0.001" classname="mavenproject.mavenjava.seleniumTest"/>
  <testcase name="webAutomation2" time="0.001" classname="mavenproject.mavenjava.seleniumTest"/>
</testsuite>
